<?xml version="1.0" encoding="UTF-8"?>
<testsuite name="com.reto.prueba.service.Impl.RetoServiceImplTest" tests="1" skipped="0" failures="0" errors="0" timestamp="2022-05-16T22:33:29" hostname="DESKTOP-GC3S4HP" time="0.872">
  <properties/>
  <testcase name="Fecha no nulo" classname="com.reto.prueba.service.Impl.RetoServiceImplTest" time="0.872"/>
  <system-out><![CDATA[]]></system-out>
  <system-err><![CDATA[]]></system-err>
</testsuite>
